#
# There is insufficient memory for the Java Runtime Environment to continue.
# Native memory allocation (malloc) failed to allocate 755472 bytes for Chunk::new
# Possible reasons:
#   The system is out of physical RAM or swap space
#   The process is running with CompressedOops enabled, and the Java Heap may be blocking the growth of the native heap
# Possible solutions:
#   Reduce memory load on the system
#   Increase physical memory or swap space
#   Check if swap backing store is full
#   Decrease Java heap size (-Xmx/-Xms)
#   Decrease number of Java threads
#   Decrease Java thread stack sizes (-Xss)
#   Set larger code cache with -XX:ReservedCodeCacheSize=
#   JVM is running with Unscaled Compressed Oops mode in which the Java heap is
#     placed in the first 4GB address space. The Java Heap base address is the
#     maximum limit for the native heap growth. Please use -XX:HeapBaseMinAddress
#     to set the Java Heap base and to place the Java Heap above 4GB virtual address.
# This output file may be truncated or incomplete.
#
#  Out of Memory Error (allocation.cpp:389), pid=99732, tid=0x0000000000018690
#
# JRE version: Java(TM) SE Runtime Environment (8.0_231-b11) (build 1.8.0_231-b11)
# Java VM: Java HotSpot(TM) 64-Bit Server VM (25.231-b11 mixed mode windows-amd64 compressed oops)
# Failed to write core dump. Minidumps are not enabled by default on client versions of Windows
#

---------------  T H R E A D  ---------------

Current thread (0x0000000014639800):  JavaThread "C2 CompilerThread0" daemon [_thread_in_native, id=99984, stack(0x0000000015c90000,0x0000000015d90000)]

Stack: [0x0000000015c90000,0x0000000015d90000]
[error occurred during error reporting (printing stack bounds), id 0xc0000005]

Native frames: (J=compiled Java code, j=interpreted, Vv=VM code, C=native code)


Current CompileTask:
C2:   2195 1489   !   4       java.net.URLClassLoader$1::run (63 bytes)


---------------  P R O C E S S  ---------------

Java Threads: ( => current thread )
  0x000000001848f800 JavaThread "Cache worker for file hash cache (C:\Users\Åukasz\.gradle\caches\6.2.2\fileHashes)" [_thread_blocked, id=95684, stack(0x000000001a420000,0x000000001a520000)]
  0x0000000018496000 JavaThread "File lock request listener" [_thread_in_native, id=96492, stack(0x000000001a320000,0x000000001a420000)]
  0x0000000018495000 JavaThread "Cache worker for journal cache (C:\Users\Åukasz\.gradle\caches\journal-1)" [_thread_blocked, id=99456, stack(0x000000001a220000,0x000000001a320000)]
  0x0000000018346800 JavaThread "Thread-9" [_thread_blocked, id=99780, stack(0x0000000019f20000,0x000000001a020000)]
  0x0000000018345800 JavaThread "Stdin handler" [_thread_blocked, id=73780, stack(0x0000000019e20000,0x0000000019f20000)]
  0x0000000018353000 JavaThread "Asynchronous log dispatcher for DefaultDaemonConnection: socket connection from /127.0.0.1:53145 to /127.0.0.1:53146" [_thread_blocked, id=96764, stack(0x0000000019d20000,0x0000000019e20000)]
  0x0000000018357000 JavaThread "Daemon worker" [_thread_in_vm, id=95132, stack(0x0000000019c20000,0x0000000019d20000)]
  0x0000000018356000 JavaThread "Cancel handler" [_thread_blocked, id=83040, stack(0x0000000019b20000,0x0000000019c20000)]
  0x0000000018327800 JavaThread "Handler for socket connection from /127.0.0.1:53145 to /127.0.0.1:53146" [_thread_in_native, id=95900, stack(0x0000000019820000,0x0000000019920000)]
  0x00000000182c9800 JavaThread "Daemon" [_thread_blocked, id=88732, stack(0x0000000019720000,0x0000000019820000)]
  0x00000000182c8800 JavaThread "Daemon periodic checks" [_thread_blocked, id=97492, stack(0x0000000019620000,0x0000000019720000)]
  0x00000000182c6800 JavaThread "Incoming local TCP Connector on port 53145" [_thread_in_native, id=88280, stack(0x0000000016690000,0x0000000016790000)]
  0x0000000017ef7000 JavaThread "Daemon health stats" [_thread_blocked, id=100104, stack(0x0000000016590000,0x0000000016690000)]
  0x000000001468e000 JavaThread "Service Thread" daemon [_thread_blocked, id=91796, stack(0x0000000016390000,0x0000000016490000)]
  0x0000000014645800 JavaThread "C1 CompilerThread2" daemon [_thread_blocked, id=99880, stack(0x0000000015e90000,0x0000000015f90000)]
  0x0000000014640800 JavaThread "C2 CompilerThread1" daemon [_thread_in_native, id=92804, stack(0x0000000015d90000,0x0000000015e90000)]
=>0x0000000014639800 JavaThread "C2 CompilerThread0" daemon [_thread_in_native, id=99984, stack(0x0000000015c90000,0x0000000015d90000)]
  0x0000000014638000 JavaThread "Attach Listener" daemon [_thread_blocked, id=99452, stack(0x0000000015b90000,0x0000000015c90000)]
  0x0000000014634000 JavaThread "Signal Dispatcher" daemon [_thread_blocked, id=88276, stack(0x0000000015a90000,0x0000000015b90000)]
  0x0000000014619800 JavaThread "Finalizer" daemon [_thread_blocked, id=97804, stack(0x0000000015880000,0x0000000015980000)]
  0x00000000031d1800 JavaThread "Reference Handler" daemon [_thread_blocked, id=100100, stack(0x0000000015780000,0x0000000015880000)]
  0x00000000030e2800 JavaThread "main" [_thread_blocked, id=89440, stack(0x0000000002f80000,0x0000000003080000)]

Other Threads:
  0x00000000145f7800 VMThread [stack: 0x0000000015680000,0x0000000015780000] [id=100024]
  0x0000000015fe4800 WatcherThread [stack: 0x0000000016490000,0x0000000016590000] [id=97440]

VM state:not at safepoint (normal execution)

VM Mutex/Monitor currently owned by a thread:  ([mutex/lock_event])
[0x00000000032bd3c0] AdapterHandlerLibrary_lock - owner thread: 0x0000000000000000

heap address: 0x00000000e0000000, size: 512 MB, Compressed Oops mode: 32-bit
Narrow klass base: 0x0000000000000000, Narrow klass shift: 3
Compressed class space size: 1073741824 Address: 0x0000000100000000

Heap:
 PSYoungGen      total 76288K, used 39889K [0x00000000f5580000, 0x00000000faa80000, 0x0000000100000000)
  eden space 65536K, 46% used [0x00000000f5580000,0x00000000f7375a58,0x00000000f9580000)
  from space 10752K, 85% used [0x00000000fa000000,0x00000000fa8fea10,0x00000000faa80000)
  to   space 10752K, 0% used [0x00000000f9580000,0x00000000f9580000,0x00000000fa000000)
 ParOldGen       total 175104K, used 47K [0x00000000e0000000, 0x00000000eab00000, 0x00000000f5580000)
  object space 175104K, 0% used [0x00000000e0000000,0x00000000e000bc40,0x00000000eab00000)
 Metaspace       used 17276K, capacity 17750K, committed 18048K, reserved 1064960K
  class space    used 2429K, capacity 2593K, committed 2688K, reserved 1048576K

Card table byte_map: [0x0000000012680000,0x0000000012790000] byte_map_base: 0x0000000011f80000

Marking Bits: (ParMarkBitMap*) 0x000000005b7c6d90
 Begin Bits: [0x0000000012b90000, 0x0000000013390000)
 End Bits:   [0x0000000013390000, 0x0000000013b90000)

Polling page: 0x0000000001390000

CodeCache: size=245760Kb used=5548Kb max_used=5548Kb free=240211Kb
 bounds [0x00000000032c0000, 0x0000000003830000, 0x00000000122c0000]
 total_blobs=1978 nmethods=1576 adapters=314
 compilation: enabled

Compilation events (10 events):
Event: 2.177 Thread 0x0000000014645800 1575       3       com.google.common.base.Splitter$1::iterator (11 bytes)
Event: 2.178 Thread 0x0000000014645800 nmethod 1575 0x000000000382a3d0 code [0x000000000382a540, 0x000000000382a7a8]
Event: 2.178 Thread 0x0000000014645800 1577       3       com.google.common.base.Splitter$SplittingIterator::<init> (39 bytes)
Event: 2.178 Thread 0x0000000014645800 nmethod 1577 0x000000000382a8d0 code [0x000000000382aa40, 0x000000000382acf0]
Event: 2.178 Thread 0x0000000014645800 1576       3       com.google.common.base.Splitter$1$1::<init> (12 bytes)
Event: 2.178 Thread 0x0000000014645800 nmethod 1576 0x000000000382ae10 code [0x000000000382af80, 0x000000000382b128]
Event: 2.178 Thread 0x0000000014645800 1579       1       java.util.concurrent.atomic.AtomicInteger::get (5 bytes)
Event: 2.178 Thread 0x0000000014645800 nmethod 1579 0x000000000382b1d0 code [0x000000000382b320, 0x000000000382b430]
Event: 2.183 Thread 0x0000000014645800 1580       3       sun.misc.ProxyGenerator::dotToSlash (9 bytes)
Event: 2.183 Thread 0x0000000014645800 nmethod 1580 0x000000000382b490 code [0x000000000382b600, 0x000000000382b808]

GC Heap History (4 events):
Event: 1.009 GC heap before
{Heap before GC invocations=1 (full 0):
 PSYoungGen      total 76288K, used 65536K [0x00000000f5580000, 0x00000000faa80000, 0x0000000100000000)
  eden space 65536K, 100% used [0x00000000f5580000,0x00000000f9580000,0x00000000f9580000)
  from space 10752K, 0% used [0x00000000fa000000,0x00000000fa000000,0x00000000faa80000)
  to   space 10752K, 0% used [0x00000000f9580000,0x00000000f9580000,0x00000000fa000000)
 ParOldGen       total 175104K, used 0K [0x00000000e0000000, 0x00000000eab00000, 0x00000000f5580000)
  object space 175104K, 0% used [0x00000000e0000000,0x00000000e0000000,0x00000000eab00000)
 Metaspace       used 7725K, capacity 7968K, committed 8064K, reserved 1056768K
  class space    used 979K, capacity 1079K, committed 1152K, reserved 1048576K
Event: 1.014 GC heap after
Heap after GC invocations=1 (full 0):
 PSYoungGen      total 76288K, used 5815K [0x00000000f5580000, 0x00000000faa80000, 0x0000000100000000)
  eden space 65536K, 0% used [0x00000000f5580000,0x00000000f5580000,0x00000000f9580000)
  from space 10752K, 54% used [0x00000000f9580000,0x00000000f9b2dc30,0x00000000fa000000)
  to   space 10752K, 0% used [0x00000000fa000000,0x00000000fa000000,0x00000000faa80000)
 ParOldGen       total 175104K, used 39K [0x00000000e0000000, 0x00000000eab00000, 0x00000000f5580000)
  object space 175104K, 0% used [0x00000000e0000000,0x00000000e0009c40,0x00000000eab00000)
 Metaspace       used 7725K, capacity 7968K, committed 8064K, reserved 1056768K
  class space    used 979K, capacity 1079K, committed 1152K, reserved 1048576K
}
Event: 1.982 GC heap before
{Heap before GC invocations=2 (full 0):
 PSYoungGen      total 76288K, used 71351K [0x00000000f5580000, 0x00000000faa80000, 0x0000000100000000)
  eden space 65536K, 100% used [0x00000000f5580000,0x00000000f9580000,0x00000000f9580000)
  from space 10752K, 54% used [0x00000000f9580000,0x00000000f9b2dc30,0x00000000fa000000)
  to   space 10752K, 0% used [0x00000000fa000000,0x00000000fa000000,0x00000000faa80000)
 ParOldGen       total 175104K, used 39K [0x00000000e0000000, 0x00000000eab00000, 0x00000000f5580000)
  object space 175104K, 0% used [0x00000000e0000000,0x00000000e0009c40,0x00000000eab00000)
 Metaspace       used 14956K, capacity 15290K, committed 15488K, reserved 1062912K
  class space    used 2026K, capacity 2155K, committed 2176K, reserved 1048576K
Event: 1.989 GC heap after
Heap after GC invocations=2 (full 0):
 PSYoungGen      total 76288K, used 9210K [0x00000000f5580000, 0x00000000faa80000, 0x0000000100000000)
  eden space 65536K, 0% used [0x00000000f5580000,0x00000000f5580000,0x00000000f9580000)
  from space 10752K, 85% used [0x00000000fa000000,0x00000000fa8fea10,0x00000000faa80000)
  to   space 10752K, 0% used [0x00000000f9580000,0x00000000f9580000,0x00000000fa000000)
 ParOldGen       total 175104K, used 47K [0x00000000e0000000, 0x00000000eab00000, 0x00000000f5580000)
  object space 175104K, 0% used [0x00000000e0000000,0x00000000e000bc40,0x00000000eab00000)
 Metaspace       used 14956K, capacity 15290K, committed 15488K, reserved 1062912K
  class space    used 2026K, capacity 2155K, committed 2176K, reserved 1048576K
}

Deoptimization events (10 events):
Event: 1.736 Thread 0x0000000018327800 Uncommon trap: reason=unstable_if action=reinterpret pc=0x00000000036d72a8 method=java.util.concurrent.ConcurrentHashMap.putVal(Ljava/lang/Object;Ljava/lang/Object;Z)Ljava/lang/Object; @ 206
Event: 1.770 Thread 0x0000000018357000 Uncommon trap: reason=bimorphic action=maybe_recompile pc=0x0000000003585f90 method=java.util.HashMap.putVal(ILjava/lang/Object;Ljava/lang/Object;ZZ)Ljava/lang/Object; @ 253
Event: 1.771 Thread 0x0000000018357000 Uncommon trap: reason=bimorphic action=maybe_recompile pc=0x0000000003585f90 method=java.util.HashMap.putVal(ILjava/lang/Object;Ljava/lang/Object;ZZ)Ljava/lang/Object; @ 253
Event: 1.771 Thread 0x0000000018357000 Uncommon trap: reason=bimorphic action=maybe_recompile pc=0x0000000003585f90 method=java.util.HashMap.putVal(ILjava/lang/Object;Ljava/lang/Object;ZZ)Ljava/lang/Object; @ 253
Event: 1.924 Thread 0x0000000018357000 Uncommon trap: reason=class_check action=maybe_recompile pc=0x00000000035ff258 method=java.util.regex.Matcher.match(II)Z @ 86
Event: 1.935 Thread 0x0000000018357000 Uncommon trap: reason=class_check action=maybe_recompile pc=0x00000000035ff258 method=java.util.regex.Matcher.match(II)Z @ 86
Event: 1.936 Thread 0x0000000018357000 Uncommon trap: reason=class_check action=maybe_recompile pc=0x00000000035ff258 method=java.util.regex.Matcher.match(II)Z @ 86
Event: 1.936 Thread 0x0000000018357000 Uncommon trap: reason=class_check action=maybe_recompile pc=0x000000000347d3cc method=java.util.regex.Matcher.match(II)Z @ 86
Event: 2.104 Thread 0x0000000018357000 Uncommon trap: reason=unstable_if action=reinterpret pc=0x00000000035f4c94 method=java.io.File.getName()Ljava/lang/String; @ 16
Event: 2.104 Thread 0x0000000018357000 Uncommon trap: reason=unstable_if action=reinterpret pc=0x00000000035f400c method=java.lang.String.substring(I)Ljava/lang/String; @ 35

Classes redefined (0 events):
No events

Internal exceptions (10 events):
Event: 1.737 Thread 0x0000000018327800 Exception <a 'java/lang/NoSuchMethodError': <clinit>> (0x00000000f746bda8) thrown at [C:\re\workspace\8-2-build-windows-amd64-cygwin\jdk8u231\13620\hotspot\src\share\vm\prims\jni.cpp, line 1614]
Event: 1.738 Thread 0x0000000018327800 Exception <a 'java/lang/NoSuchMethodError': <clinit>> (0x00000000f74759d8) thrown at [C:\re\workspace\8-2-build-windows-amd64-cygwin\jdk8u231\13620\hotspot\src\share\vm\prims\jni.cpp, line 1614]
Event: 1.739 Thread 0x0000000018327800 Exception <a 'java/lang/NoSuchMethodError': <clinit>> (0x00000000f748a870) thrown at [C:\re\workspace\8-2-build-windows-amd64-cygwin\jdk8u231\13620\hotspot\src\share\vm\prims\jni.cpp, line 1614]
Event: 1.746 Thread 0x0000000018327800 Exception <a 'java/lang/NoSuchMethodError': <clinit>> (0x00000000f74eed80) thrown at [C:\re\workspace\8-2-build-windows-amd64-cygwin\jdk8u231\13620\hotspot\src\share\vm\prims\jni.cpp, line 1614]
Event: 1.750 Thread 0x0000000018327800 Exception <a 'java/lang/NoSuchMethodError': <clinit>> (0x00000000f75279c0) thrown at [C:\re\workspace\8-2-build-windows-amd64-cygwin\jdk8u231\13620\hotspot\src\share\vm\prims\jni.cpp, line 1614]
Event: 1.753 Thread 0x0000000018327800 Exception <a 'java/lang/NoSuchMethodError': <clinit>> (0x00000000f755db48) thrown at [C:\re\workspace\8-2-build-windows-amd64-cygwin\jdk8u231\13620\hotspot\src\share\vm\prims\jni.cpp, line 1614]
Event: 1.753 Thread 0x0000000018327800 Exception <a 'java/lang/NoSuchMethodError': <clinit>> (0x00000000f756a008) thrown at [C:\re\workspace\8-2-build-windows-amd64-cygwin\jdk8u231\13620\hotspot\src\share\vm\prims\jni.cpp, line 1614]
Event: 2.136 Thread 0x0000000018357000 Exception <a 'java/lang/NoSuchMethodError': java.lang.Object.lambda$and$0(Ljava/util/function/Predicate;Ljava/lang/Object;)Z> (0x00000000f6d23388) thrown at [C:\re\workspace\8-2-build-windows-amd64-cygwin\jdk8u231\13620\hotspot\src\share\vm\interpreter\li
Event: 2.139 Thread 0x0000000018357000 Exception <a 'java/lang/IncompatibleClassChangeError': Found class java.lang.Object, but interface was expected> (0x00000000f6d33b78) thrown at [C:\re\workspace\8-2-build-windows-amd64-cygwin\jdk8u231\13620\hotspot\src\share\vm\interpreter\linkResolver.cp
Event: 2.140 Thread 0x0000000018357000 Exception <a 'java/lang/NoSuchMethodError': java.lang.Object.lambda$or$2(Ljava/util/function/Predicate;Ljava/lang/Object;)Z> (0x00000000f6d38a98) thrown at [C:\re\workspace\8-2-build-windows-amd64-cygwin\jdk8u231\13620\hotspot\src\share\vm\interpreter\lin

Events (10 events):
Event: 2.193 loading class org/gradle/api/internal/artifacts/dsl/dependencies/UnknownProjectFinder
Event: 2.193 loading class org/gradle/api/internal/artifacts/dsl/dependencies/UnknownProjectFinder done
Event: 2.194 loading class org/gradle/api/UnknownProjectException
Event: 2.194 loading class org/gradle/api/UnknownProjectException done
Event: 2.194 loading class org/gradle/api/UnknownDomainObjectException
Event: 2.194 loading class org/gradle/api/UnknownDomainObjectException done
Event: 2.194 loading class org/gradle/composite/internal/plugins/CompositeBuildPluginResolverContributor
Event: 2.194 loading class org/gradle/composite/internal/plugins/CompositeBuildPluginResolverContributor done
Event: 2.195 loading class org/gradle/composite/internal/plugins/CompositeBuildPluginResolverContributor$Resolution
Event: 2.195 loading class org/gradle/composite/internal/plugins/CompositeBuildPluginResolverContributor$Resolution done


Dynamic libraries:
0x00007ff7d35c0000 - 0x00007ff7d35f7000 	C:\Program Files\Java\jdk1.8.0_231\bin\java.exe
0x00007ffe17600000 - 0x00007ffe177f0000 	C:\WINDOWS\SYSTEM32\ntdll.dll
0x00007ffe169a0000 - 0x00007ffe16a52000 	C:\WINDOWS\System32\KERNEL32.DLL
0x00007ffe15050000 - 0x00007ffe152f3000 	C:\WINDOWS\System32\KERNELBASE.dll
0x00007ffe161b0000 - 0x00007ffe16253000 	C:\WINDOWS\System32\ADVAPI32.dll
0x00007ffe174b0000 - 0x00007ffe1754e000 	C:\WINDOWS\System32\msvcrt.dll
0x00007ffe173d0000 - 0x00007ffe17467000 	C:\WINDOWS\System32\sechost.dll
0x00007ffe16a60000 - 0x00007ffe16b80000 	C:\WINDOWS\System32\RPCRT4.dll
0x00007ffe15870000 - 0x00007ffe15a04000 	C:\WINDOWS\System32\USER32.dll
0x00007ffe14d10000 - 0x00007ffe14d31000 	C:\WINDOWS\System32\win32u.dll
0x00007ffe16970000 - 0x00007ffe16996000 	C:\WINDOWS\System32\GDI32.dll
0x00007ffe15430000 - 0x00007ffe155c4000 	C:\WINDOWS\System32\gdi32full.dll
0x00007ffe14d40000 - 0x00007ffe14dde000 	C:\WINDOWS\System32\msvcp_win.dll
0x00007ffe14de0000 - 0x00007ffe14eda000 	C:\WINDOWS\System32\ucrtbase.dll
0x00007ffe07340000 - 0x00007ffe075c5000 	C:\WINDOWS\WinSxS\amd64_microsoft.windows.common-controls_6595b64144ccf1df_6.0.18362.720_none_e6beb5c51314836b\COMCTL32.dll
0x00007ffe15e70000 - 0x00007ffe161a6000 	C:\WINDOWS\System32\combase.dll
0x00007ffe15630000 - 0x00007ffe156b0000 	C:\WINDOWS\System32\bcryptPrimitives.dll
0x00007ffe17480000 - 0x00007ffe174ae000 	C:\WINDOWS\System32\IMM32.DLL
0x000000005b850000 - 0x000000005b922000 	C:\Program Files\Java\jdk1.8.0_231\jre\bin\msvcr100.dll
0x000000005afa0000 - 0x000000005b846000 	C:\Program Files\Java\jdk1.8.0_231\jre\bin\server\jvm.dll
0x00007ffe17470000 - 0x00007ffe17478000 	C:\WINDOWS\System32\PSAPI.DLL
0x00007ffe0ada0000 - 0x00007ffe0ada9000 	C:\WINDOWS\SYSTEM32\WSOCK32.dll
0x00007ffe16b80000 - 0x00007ffe16bef000 	C:\WINDOWS\System32\WS2_32.dll
0x00007ffe123b0000 - 0x00007ffe123d4000 	C:\WINDOWS\SYSTEM32\WINMM.dll
0x00007ffe0ed00000 - 0x00007ffe0ed0a000 	C:\WINDOWS\SYSTEM32\VERSION.dll
0x00007ffe11f30000 - 0x00007ffe11f5d000 	C:\WINDOWS\SYSTEM32\WINMMBASE.dll
0x00007ffe153b0000 - 0x00007ffe153fa000 	C:\WINDOWS\System32\cfgmgr32.dll
0x00007ffe10f00000 - 0x00007ffe10f0f000 	C:\Program Files\Java\jdk1.8.0_231\jre\bin\verify.dll
0x00007ffe0a7c0000 - 0x00007ffe0a7e9000 	C:\Program Files\Java\jdk1.8.0_231\jre\bin\java.dll
0x00007ffe0d2a0000 - 0x00007ffe0d2b6000 	C:\Program Files\Java\jdk1.8.0_231\jre\bin\zip.dll
0x00007ffe16bf0000 - 0x00007ffe172d5000 	C:\WINDOWS\System32\SHELL32.dll
0x00007ffe15dc0000 - 0x00007ffe15e69000 	C:\WINDOWS\System32\shcore.dll
0x00007ffe14590000 - 0x00007ffe14d10000 	C:\WINDOWS\System32\windows.storage.dll
0x00007ffe14510000 - 0x00007ffe14533000 	C:\WINDOWS\System32\profapi.dll
0x00007ffe14540000 - 0x00007ffe1458a000 	C:\WINDOWS\System32\powrprof.dll
0x00007ffe144c0000 - 0x00007ffe144d0000 	C:\WINDOWS\System32\UMPDC.dll
0x00007ffe16420000 - 0x00007ffe16472000 	C:\WINDOWS\System32\shlwapi.dll
0x00007ffe144d0000 - 0x00007ffe144e1000 	C:\WINDOWS\System32\kernel.appcore.dll
0x00007ffe14ee0000 - 0x00007ffe14ef7000 	C:\WINDOWS\System32\cryptsp.dll
0x00007ffe0bfa0000 - 0x00007ffe0bfba000 	C:\Program Files\Java\jdk1.8.0_231\jre\bin\net.dll
0x00007ffe13d30000 - 0x00007ffe13d97000 	C:\WINDOWS\system32\mswsock.dll
0x00007ffe0b810000 - 0x00007ffe0b822000 	C:\Program Files\Java\jdk1.8.0_231\jre\bin\nio.dll
0x00007ffe0d170000 - 0x00007ffe0d19a000 	C:\Users\£ukasz\.gradle\native\36\windows-amd64\native-platform.dll
0x00007ffe0d310000 - 0x00007ffe0d31d000 	C:\Program Files\Java\jdk1.8.0_231\jre\bin\management.dll
0x00007ffe138a0000 - 0x00007ffe138d3000 	C:\WINDOWS\system32\rsaenh.dll
0x00007ffe15400000 - 0x00007ffe15426000 	C:\WINDOWS\System32\bcrypt.dll
0x00007ffe143e0000 - 0x00007ffe14405000 	C:\WINDOWS\SYSTEM32\USERENV.dll
0x00007ffe13f00000 - 0x00007ffe13f0c000 	C:\WINDOWS\SYSTEM32\CRYPTBASE.dll
0x00007ffe13a40000 - 0x00007ffe13a7a000 	C:\WINDOWS\SYSTEM32\IPHLPAPI.DLL
0x00007ffe15ac0000 - 0x00007ffe15ac8000 	C:\WINDOWS\System32\NSI.dll
0x00007ffe0d270000 - 0x00007ffe0d286000 	C:\WINDOWS\SYSTEM32\dhcpcsvc6.DLL
0x00007ffe0cf30000 - 0x00007ffe0cf4c000 	C:\WINDOWS\SYSTEM32\dhcpcsvc.DLL
0x00007ffe13a80000 - 0x00007ffe13b4a000 	C:\WINDOWS\SYSTEM32\DNSAPI.dll

VM Arguments:
jvm_args: -XX:MaxMetaspaceSize=256m -XX:+HeapDumpOnOutOfMemoryError -Xms256m -Xmx512m -Dfile.encoding=windows-1250 -Duser.country=PL -Duser.language=pl -Duser.variant 
java_command: org.gradle.launcher.daemon.bootstrap.GradleDaemon 6.2.2
java_class_path (initial): C:\Users\£ukasz\.gradle\wrapper\dists\gradle-6.2.2-all\2k4hz1yffuhb6ob9prdg10tx\gradle-6.2.2\lib\gradle-launcher-6.2.2.jar
Launcher Type: SUN_STANDARD

Environment Variables:
JAVA_HOME=C:\Program Files\Java\jdk1.8.0_231
PATH=C:\Program Files (x86)\Common Files\Oracle\Java\javapath;C:\Program Files\Java\jdk1.8.0_231\bin;C:\Program Files (x86)\Razer Chroma SDK\bin;C:\Program Files\Razer Chroma SDK\bin;C:\Program Files (x86)\Intel\iCLS Client\;C:\Program Files\Intel\iCLS Client\;C:\Windows\system32;C:\Windows;C:\Windows\System32\Wbem;C:\Windows\System32\WindowsPowerShell\v1.0\;C:\Program Files\Intel\Intel(R) Management Engine Components\DAL;C:\Program Files\Intel\Intel(R) Management Engine Components\IPT;C:\Program Files (x86)\Intel\Intel(R) Management Engine Components\DAL;C:\Program Files (x86)\Intel\Intel(R) Management Engine Components\IPT;C:\Program Files (x86)\NVIDIA Corporation\PhysX\Common;C:\WINDOWS\system32;C:\WINDOWS;C:\WINDOWS\System32\Wbem;C:\WINDOWS\System32\WindowsPowerShell\v1.0\;C:\Program Files (x86)\Skype\Phone\;C:\WINDOWS\System32\OpenSSH\;C:\Program Files\NVIDIA Corporation\NVIDIA NvDLISR;C:\WINDOWS\system32;C:\WINDOWS;C:\WINDOWS\System32\Wbem;C:\WINDOWS\System32\WindowsPowerShell\v1.0\;C:\WINDOWS\System32\OpenSSH\;C:\Program Files\Git\cmd;C:\Program Files\Git\mingw64\bin;C:\Program Files\Git\usr\bin;C:\gradle-6.0\bin;C:\Program Files\MySQL\MySQL Shell 8.0\bin\;C:\Users\£ukasz\AppData\Local\Microsoft\WindowsApps;
USERNAME=£ukasz
OS=Windows_NT
PROCESSOR_IDENTIFIER=Intel64 Family 6 Model 60 Stepping 3, GenuineIntel



---------------  S Y S T E M  ---------------

OS: Windows 10.0 , 64 bit Build 18362 (10.0.18362.329)

CPU:total 4 (initial active 4) (4 cores per cpu, 1 threads per core) family 6 model 60 stepping 3, cmov, cx8, fxsr, mmx, sse, sse2, sse3, ssse3, sse4.1, sse4.2, popcnt, avx, avx2, aes, clmul, erms, lzcnt, tsc, tscinvbit, bmi1, bmi2

Memory: 4k page, physical 8325604k(1334260k free), swap 23845504k(5252k free)

vm_info: Java HotSpot(TM) 64-Bit Server VM (25.231-b11) for windows-amd64 JRE (1.8.0_231-b11), built on Oct  5 2019 03:11:30 by "java_re" with MS VC++ 10.0 (VS2010)

time: Tue Mar 31 13:53:46 2020
timezone: Œrodkowoeuropejski czas letni
elapsed time: 2 seconds (0d 0h 0m 2s)

