#
# There is insufficient memory for the Java Runtime Environment to continue.
# Native memory allocation (malloc) failed to allocate 131088 bytes for Chunk::new
# Possible reasons:
#   The system is out of physical RAM or swap space
#   The process is running with CompressedOops enabled, and the Java Heap may be blocking the growth of the native heap
# Possible solutions:
#   Reduce memory load on the system
#   Increase physical memory or swap space
#   Check if swap backing store is full
#   Decrease Java heap size (-Xmx/-Xms)
#   Decrease number of Java threads
#   Decrease Java thread stack sizes (-Xss)
#   Set larger code cache with -XX:ReservedCodeCacheSize=
#   JVM is running with Unscaled Compressed Oops mode in which the Java heap is
#     placed in the first 4GB address space. The Java Heap base address is the
#     maximum limit for the native heap growth. Please use -XX:HeapBaseMinAddress
#     to set the Java Heap base and to place the Java Heap above 4GB virtual address.
# This output file may be truncated or incomplete.
#
#  Out of Memory Error (allocation.cpp:389), pid=96976, tid=0x0000000000017d94
#
# JRE version: Java(TM) SE Runtime Environment (8.0_231-b11) (build 1.8.0_231-b11)
# Java VM: Java HotSpot(TM) 64-Bit Server VM (25.231-b11 mixed mode windows-amd64 compressed oops)
# Failed to write core dump. Minidumps are not enabled by default on client versions of Windows
#

---------------  T H R E A D  ---------------

Current thread (0x00000000145c6000):  JavaThread "C2 CompilerThread0" daemon [_thread_in_native, id=97684, stack(0x0000000015c20000,0x0000000015d20000)]

Stack: [0x0000000015c20000,0x0000000015d20000]
[error occurred during error reporting (printing stack bounds), id 0xc0000005]

Native frames: (J=compiled Java code, j=interpreted, Vv=VM code, C=native code)


Current CompileTask:
C2:   3948 2640       4       java.net.URLClassLoader$1::run (5 bytes)


---------------  P R O C E S S  ---------------

Java Threads: ( => current thread )
  0x00000000181d8800 JavaThread "Cache worker for execution history cache (C:\Users\ﾅ「kasz\.gradle\caches\6.2.2\executionHistory)" [_thread_blocked, id=99628, stack(0x000000001cce0000,0x000000001cde0000)]
  0x00000000181da000 JavaThread "Cache worker for cache directory md-rule (C:\Users\ﾅ「kasz\.gradle\caches\6.2.2\md-rule)" [_thread_blocked, id=97468, stack(0x000000001cbe0000,0x000000001cce0000)]
  0x00000000181d9800 JavaThread "Cache worker for cache directory md-supplier (C:\Users\ﾅ「kasz\.gradle\caches\6.2.2\md-supplier)" [_thread_blocked, id=100224, stack(0x000000001cae0000,0x000000001cbe0000)]
  0x00000000181d8000 JavaThread "Cache worker for file hash cache (F:\java\kodilla-spring-web\.gradle\6.2.2\fileHashes)" [_thread_blocked, id=100132, stack(0x000000001c8c0000,0x000000001c9c0000)]
  0x00000000181d7000 JavaThread "Cache worker for checksums cache (F:\java\kodilla-spring-web\.gradle\checksums)" [_thread_blocked, id=100272, stack(0x000000001c9e0000,0x000000001cae0000)]
  0x00000000181d6800 JavaThread "Cache worker for file hash cache (C:\Users\ﾅ「kasz\.gradle\caches\6.2.2\fileHashes)" [_thread_blocked, id=97948, stack(0x000000001a360000,0x000000001a460000)]
  0x00000000181d5800 JavaThread "File lock request listener" [_thread_in_native, id=97932, stack(0x000000001a260000,0x000000001a360000)]
  0x00000000181d5000 JavaThread "Cache worker for journal cache (C:\Users\ﾅ「kasz\.gradle\caches\journal-1)" [_thread_blocked, id=99908, stack(0x000000001a160000,0x000000001a260000)]
  0x00000000180f8800 JavaThread "Thread-9" [_thread_blocked, id=99944, stack(0x0000000019e60000,0x0000000019f60000)]
  0x00000000180f7800 JavaThread "Stdin handler" [_thread_blocked, id=100068, stack(0x0000000019d60000,0x0000000019e60000)]
  0x00000000180f3000 JavaThread "Asynchronous log dispatcher for DefaultDaemonConnection: socket connection from /127.0.0.1:53204 to /127.0.0.1:53205" [_thread_blocked, id=101736, stack(0x0000000019c60000,0x0000000019d60000)]
  0x000000001818a000 JavaThread "Daemon worker" [_thread_in_vm, id=102292, stack(0x0000000019b60000,0x0000000019c60000)]
  0x0000000018108000 JavaThread "Cancel handler" [_thread_blocked, id=101708, stack(0x0000000019a60000,0x0000000019b60000)]
  0x00000000180dd800 JavaThread "Handler for socket connection from /127.0.0.1:53204 to /127.0.0.1:53205" [_thread_in_native, id=95968, stack(0x0000000019760000,0x0000000019860000)]
  0x00000000180ca800 JavaThread "Daemon" [_thread_blocked, id=101764, stack(0x0000000019660000,0x0000000019760000)]
  0x0000000018046000 JavaThread "Daemon periodic checks" [_thread_blocked, id=100300, stack(0x0000000019560000,0x0000000019660000)]
  0x0000000018051800 JavaThread "Incoming local TCP Connector on port 53204" [_thread_in_native, id=102016, stack(0x0000000019300000,0x0000000019400000)]
  0x0000000018029000 JavaThread "Daemon health stats" [_thread_blocked, id=97236, stack(0x0000000018cc0000,0x0000000018dc0000)]
  0x000000001461c800 JavaThread "Service Thread" daemon [_thread_blocked, id=101680, stack(0x0000000016320000,0x0000000016420000)]
  0x00000000145d5000 JavaThread "C1 CompilerThread2" daemon [_thread_blocked, id=93208, stack(0x0000000015e20000,0x0000000015f20000)]
  0x00000000145ce000 JavaThread "C2 CompilerThread1" daemon [_thread_in_native, id=97600, stack(0x0000000015d20000,0x0000000015e20000)]
=>0x00000000145c6000 JavaThread "C2 CompilerThread0" daemon [_thread_in_native, id=97684, stack(0x0000000015c20000,0x0000000015d20000)]
  0x00000000145c4800 JavaThread "Attach Listener" daemon [_thread_blocked, id=99116, stack(0x0000000015b20000,0x0000000015c20000)]
  0x00000000145c3800 JavaThread "Signal Dispatcher" daemon [_thread_blocked, id=101788, stack(0x0000000015a20000,0x0000000015b20000)]
  0x000000000319c800 JavaThread "Finalizer" daemon [_thread_blocked, id=101784, stack(0x0000000015810000,0x0000000015910000)]
  0x00000000145aa000 JavaThread "Reference Handler" daemon [_thread_blocked, id=101780, stack(0x0000000015710000,0x0000000015810000)]
  0x00000000030a2800 JavaThread "main" [_thread_blocked, id=90480, stack(0x0000000002f00000,0x0000000003000000)]

Other Threads:
  0x0000000014587800 VMThread [stack: 0x0000000015610000,0x0000000015710000] [id=102232]
  0x000000001461e000 WatcherThread [stack: 0x0000000016420000,0x0000000016520000] [id=92116]

VM state:not at safepoint (normal execution)

VM Mutex/Monitor currently owned by a thread: None

heap address: 0x00000000e0000000, size: 512 MB, Compressed Oops mode: 32-bit
Narrow klass base: 0x0000000000000000, Narrow klass shift: 3
Compressed class space size: 1073741824 Address: 0x0000000100000000

Heap:
 PSYoungGen      total 76288K, used 37848K [0x00000000f5580000, 0x00000000fd680000, 0x0000000100000000)
  eden space 65536K, 47% used [0x00000000f5580000,0x00000000f739a868,0x00000000f9580000)
  from space 10752K, 65% used [0x00000000f9580000,0x00000000f9c5b8d8,0x00000000fa000000)
  to   space 12288K, 0% used [0x00000000fca80000,0x00000000fca80000,0x00000000fd680000)
 ParOldGen       total 175104K, used 6978K [0x00000000e0000000, 0x00000000eab00000, 0x00000000f5580000)
  object space 175104K, 3% used [0x00000000e0000000,0x00000000e06d0800,0x00000000eab00000)
 Metaspace       used 32392K, capacity 33176K, committed 33536K, reserved 1079296K
  class space    used 4319K, capacity 4543K, committed 4608K, reserved 1048576K

Card table byte_map: [0x0000000012560000,0x0000000012670000] byte_map_base: 0x0000000011e60000

Marking Bits: (ParMarkBitMap*) 0x000000005b7c6d90
 Begin Bits: [0x0000000012b20000, 0x0000000013320000)
 End Bits:   [0x0000000013320000, 0x0000000013b20000)

Polling page: 0x0000000002e50000

CodeCache: size=245760Kb used=9623Kb max_used=9623Kb free=236136Kb
 bounds [0x00000000031a0000, 0x0000000003b10000, 0x00000000121a0000]
 total_blobs=3263 nmethods=2696 adapters=478
 compilation: enabled

Compilation events (10 events):
Event: 3.917 Thread 0x00000000145d5000 2697       3       org.codehaus.groovy.util.SingleKeyHashMap::get (67 bytes)
Event: 3.917 Thread 0x00000000145d5000 nmethod 2697 0x0000000003b08ad0 code [0x0000000003b08c80, 0x0000000003b09358]
Event: 3.917 Thread 0x00000000145d5000 2698       3       org.codehaus.groovy.util.ComplexKeyHashMap$1::next (5 bytes)
Event: 3.917 Thread 0x00000000145d5000 nmethod 2698 0x0000000003b09610 code [0x0000000003b09780, 0x0000000003b09928]
Event: 3.917 Thread 0x00000000145d5000 2699       1       groovy.lang.MetaBeanProperty::getGetter (5 bytes)
Event: 3.917 Thread 0x00000000145d5000 nmethod 2699 0x0000000003b099d0 code [0x0000000003b09b20, 0x0000000003b09c30]
Event: 3.918 Thread 0x00000000145d5000 2700       1       groovy.lang.MetaBeanProperty::getField (5 bytes)
Event: 3.918 Thread 0x00000000145d5000 nmethod 2700 0x0000000003b09c90 code [0x0000000003b09de0, 0x0000000003b09ef0]
Event: 3.918 Thread 0x00000000145d5000 2701       3       org.codehaus.groovy.util.ReferenceType$2::createReference (11 bytes)
Event: 3.918 Thread 0x00000000145d5000 nmethod 2701 0x0000000003b09f50 code [0x0000000003b0a0e0, 0x0000000003b0a4d0]

GC Heap History (10 events):
Event: 1.840 GC heap before
{Heap before GC invocations=2 (full 0):
 PSYoungGen      total 76288K, used 71400K [0x00000000f5580000, 0x00000000faa80000, 0x0000000100000000)
  eden space 65536K, 100% used [0x00000000f5580000,0x00000000f9580000,0x00000000f9580000)
  from space 10752K, 54% used [0x00000000f9580000,0x00000000f9b3a148,0x00000000fa000000)
  to   space 10752K, 0% used [0x00000000fa000000,0x00000000fa000000,0x00000000faa80000)
 ParOldGen       total 175104K, used 39K [0x00000000e0000000, 0x00000000eab00000, 0x00000000f5580000)
  object space 175104K, 0% used [0x00000000e0000000,0x00000000e0009c40,0x00000000eab00000)
 Metaspace       used 14973K, capacity 15354K, committed 15488K, reserved 1062912K
  class space    used 2026K, capacity 2155K, committed 2176K, reserved 1048576K
Event: 1.848 GC heap after
Heap after GC invocations=2 (full 0):
 PSYoungGen      total 76288K, used 9226K [0x00000000f5580000, 0x00000000faa80000, 0x0000000100000000)
  eden space 65536K, 0% used [0x00000000f5580000,0x00000000f5580000,0x00000000f9580000)
  from space 10752K, 85% used [0x00000000fa000000,0x00000000fa902a20,0x00000000faa80000)
  to   space 10752K, 0% used [0x00000000f9580000,0x00000000f9580000,0x00000000fa000000)
 ParOldGen       total 175104K, used 47K [0x00000000e0000000, 0x00000000eab00000, 0x00000000f5580000)
  object space 175104K, 0% used [0x00000000e0000000,0x00000000e000bc40,0x00000000eab00000)
 Metaspace       used 14973K, capacity 15354K, committed 15488K, reserved 1062912K
  class space    used 2026K, capacity 2155K, committed 2176K, reserved 1048576K
}
Event: 2.568 GC heap before
{Heap before GC invocations=3 (full 0):
 PSYoungGen      total 76288K, used 74762K [0x00000000f5580000, 0x00000000faa80000, 0x0000000100000000)
  eden space 65536K, 100% used [0x00000000f5580000,0x00000000f9580000,0x00000000f9580000)
  from space 10752K, 85% used [0x00000000fa000000,0x00000000fa902a20,0x00000000faa80000)
  to   space 10752K, 0% used [0x00000000f9580000,0x00000000f9580000,0x00000000fa000000)
 ParOldGen       total 175104K, used 47K [0x00000000e0000000, 0x00000000eab00000, 0x00000000f5580000)
  object space 175104K, 0% used [0x00000000e0000000,0x00000000e000bc40,0x00000000eab00000)
 Metaspace       used 20267K, capacity 20812K, committed 21120K, reserved 1067008K
  class space    used 2913K, capacity 3108K, committed 3200K, reserved 1048576K
Event: 2.578 GC heap after
Heap after GC invocations=3 (full 0):
 PSYoungGen      total 76288K, used 10738K [0x00000000f5580000, 0x00000000faa80000, 0x0000000100000000)
  eden space 65536K, 0% used [0x00000000f5580000,0x00000000f5580000,0x00000000f9580000)
  from space 10752K, 99% used [0x00000000f9580000,0x00000000f9ffc850,0x00000000fa000000)
  to   space 10752K, 0% used [0x00000000fa000000,0x00000000fa000000,0x00000000faa80000)
 ParOldGen       total 175104K, used 895K [0x00000000e0000000, 0x00000000eab00000, 0x00000000f5580000)
  object space 175104K, 0% used [0x00000000e0000000,0x00000000e00dfeb8,0x00000000eab00000)
 Metaspace       used 20267K, capacity 20812K, committed 21120K, reserved 1067008K
  class space    used 2913K, capacity 3108K, committed 3200K, reserved 1048576K
}
Event: 2.621 GC heap before
{Heap before GC invocations=4 (full 0):
 PSYoungGen      total 76288K, used 16129K [0x00000000f5580000, 0x00000000faa80000, 0x0000000100000000)
  eden space 65536K, 8% used [0x00000000f5580000,0x00000000f5ac3cb0,0x00000000f9580000)
  from space 10752K, 99% used [0x00000000f9580000,0x00000000f9ffc850,0x00000000fa000000)
  to   space 10752K, 0% used [0x00000000fa000000,0x00000000fa000000,0x00000000faa80000)
 ParOldGen       total 175104K, used 895K [0x00000000e0000000, 0x00000000eab00000, 0x00000000f5580000)
  object space 175104K, 0% used [0x00000000e0000000,0x00000000e00dfeb8,0x00000000eab00000)
 Metaspace       used 20600K, capacity 21196K, committed 21296K, reserved 1067008K
  class space    used 2964K, capacity 3172K, committed 3200K, reserved 1048576K
Event: 2.632 GC heap after
Heap after GC invocations=4 (full 0):
 PSYoungGen      total 76288K, used 7084K [0x00000000f5580000, 0x00000000fea80000, 0x0000000100000000)
  eden space 65536K, 0% used [0x00000000f5580000,0x00000000f5580000,0x00000000f9580000)
  from space 10752K, 65% used [0x00000000fa000000,0x00000000fa6eb000,0x00000000faa80000)
  to   space 10752K, 0% used [0x00000000f9580000,0x00000000f9580000,0x00000000fa000000)
 ParOldGen       total 175104K, used 903K [0x00000000e0000000, 0x00000000eab00000, 0x00000000f5580000)
  object space 175104K, 0% used [0x00000000e0000000,0x00000000e00e1eb8,0x00000000eab00000)
 Metaspace       used 20600K, capacity 21196K, committed 21296K, reserved 1067008K
  class space    used 2964K, capacity 3172K, committed 3200K, reserved 1048576K
}
Event: 2.632 GC heap before
{Heap before GC invocations=5 (full 1):
 PSYoungGen      total 76288K, used 7084K [0x00000000f5580000, 0x00000000fea80000, 0x0000000100000000)
  eden space 65536K, 0% used [0x00000000f5580000,0x00000000f5580000,0x00000000f9580000)
  from space 10752K, 65% used [0x00000000fa000000,0x00000000fa6eb000,0x00000000faa80000)
  to   space 10752K, 0% used [0x00000000f9580000,0x00000000f9580000,0x00000000fa000000)
 ParOldGen       total 175104K, used 903K [0x00000000e0000000, 0x00000000eab00000, 0x00000000f5580000)
  object space 175104K, 0% used [0x00000000e0000000,0x00000000e00e1eb8,0x00000000eab00000)
 Metaspace       used 20600K, capacity 21196K, committed 21296K, reserved 1067008K
  class space    used 2964K, capacity 3172K, committed 3200K, reserved 1048576K
Event: 2.677 GC heap after
Heap after GC invocations=5 (full 1):
 PSYoungGen      total 76288K, used 0K [0x00000000f5580000, 0x00000000fea80000, 0x0000000100000000)
  eden space 65536K, 0% used [0x00000000f5580000,0x00000000f5580000,0x00000000f9580000)
  from space 10752K, 0% used [0x00000000fa000000,0x00000000fa000000,0x00000000faa80000)
  to   space 10752K, 0% used [0x00000000f9580000,0x00000000f9580000,0x00000000fa000000)
 ParOldGen       total 175104K, used 6970K [0x00000000e0000000, 0x00000000eab00000, 0x00000000f5580000)
  object space 175104K, 3% used [0x00000000e0000000,0x00000000e06ce800,0x00000000eab00000)
 Metaspace       used 20600K, capacity 21196K, committed 21296K, reserved 1067008K
  class space    used 2964K, capacity 3172K, committed 3200K, reserved 1048576K
}
Event: 3.416 GC heap before
{Heap before GC invocations=6 (full 1):
 PSYoungGen      total 76288K, used 65536K [0x00000000f5580000, 0x00000000fea80000, 0x0000000100000000)
  eden space 65536K, 100% used [0x00000000f5580000,0x00000000f9580000,0x00000000f9580000)
  from space 10752K, 0% used [0x00000000fa000000,0x00000000fa000000,0x00000000faa80000)
  to   space 10752K, 0% used [0x00000000f9580000,0x00000000f9580000,0x00000000fa000000)
 ParOldGen       total 175104K, used 6970K [0x00000000e0000000, 0x00000000eab00000, 0x00000000f5580000)
  object space 175104K, 3% used [0x00000000e0000000,0x00000000e06ce800,0x00000000eab00000)
 Metaspace       used 26775K, capacity 27488K, committed 27648K, reserved 1073152K
  class space    used 3793K, capacity 4018K, committed 4096K, reserved 1048576K
Event: 3.420 GC heap after
Heap after GC invocations=6 (full 1):
 PSYoungGen      total 76288K, used 7022K [0x00000000f5580000, 0x00000000fd680000, 0x0000000100000000)
  eden space 65536K, 0% used [0x00000000f5580000,0x00000000f5580000,0x00000000f9580000)
  from space 10752K, 65% used [0x00000000f9580000,0x00000000f9c5b8d8,0x00000000fa000000)
  to   space 12288K, 0% used [0x00000000fca80000,0x00000000fca80000,0x00000000fd680000)
 ParOldGen       total 175104K, used 6978K [0x00000000e0000000, 0x00000000eab00000, 0x00000000f5580000)
  object space 175104K, 3% used [0x00000000e0000000,0x00000000e06d0800,0x00000000eab00000)
 Metaspace       used 26775K, capacity 27488K, committed 27648K, reserved 1073152K
  class space    used 3793K, capacity 4018K, committed 4096K, reserved 1048576K
}

Deoptimization events (10 events):
Event: 3.833 Thread 0x000000001818a000 Uncommon trap: reason=class_check action=maybe_recompile pc=0x0000000003a440b8 method=sun.misc.URLClassPath.getLoader(I)Lsun/misc/URLClassPath$Loader; @ 94
Event: 3.833 Thread 0x000000001818a000 Uncommon trap: reason=class_check action=maybe_recompile pc=0x000000000375b970 method=sun.misc.URLClassPath.getResource(Ljava/lang/String;Z)Lsun/misc/Resource; @ 62
Event: 3.833 Thread 0x000000001818a000 Uncommon trap: reason=unstable_if action=reinterpret pc=0x00000000036bffe8 method=java.lang.String.regionMatches(ZILjava/lang/String;II)Z @ 41
Event: 3.867 Thread 0x000000001818a000 Uncommon trap: reason=class_check action=maybe_recompile pc=0x0000000003a449f8 method=sun.misc.URLClassPath.getLoader(I)Lsun/misc/URLClassPath$Loader; @ 239
Event: 3.872 Thread 0x000000001818a000 Uncommon trap: reason=bimorphic action=maybe_recompile pc=0x0000000003a8311c method=java.util.regex.Pattern$Start.match(Ljava/util/regex/Matcher;ILjava/lang/CharSequence;)Z @ 44
Event: 3.872 Thread 0x000000001818a000 Uncommon trap: reason=bimorphic action=maybe_recompile pc=0x0000000003a8311c method=java.util.regex.Pattern$Start.match(Ljava/util/regex/Matcher;ILjava/lang/CharSequence;)Z @ 44
Event: 3.873 Thread 0x000000001818a000 Uncommon trap: reason=class_check action=maybe_recompile pc=0x0000000003a449f8 method=sun.misc.URLClassPath.getLoader(I)Lsun/misc/URLClassPath$Loader; @ 239
Event: 3.898 Thread 0x000000001818a000 Uncommon trap: reason=class_check action=maybe_recompile pc=0x0000000003a449f8 method=sun.misc.URLClassPath.getLoader(I)Lsun/misc/URLClassPath$Loader; @ 239
Event: 3.905 Thread 0x000000001818a000 Uncommon trap: reason=bimorphic action=maybe_recompile pc=0x0000000003a8311c method=java.util.regex.Pattern$Start.match(Ljava/util/regex/Matcher;ILjava/lang/CharSequence;)Z @ 44
Event: 3.906 Thread 0x000000001818a000 Uncommon trap: reason=bimorphic action=maybe_recompile pc=0x0000000003a8311c method=java.util.regex.Pattern$Start.match(Ljava/util/regex/Matcher;ILjava/lang/CharSequence;)Z @ 44

Classes redefined (0 events):
No events

Internal exceptions (10 events):
Event: 3.872 Thread 0x000000001818a000 Exception <a 'java/lang/ClassNotFoundException': org/gradle/initialization/InitScriptCustomizer> (0x00000000f6cda900) thrown at [C:\re\workspace\8-2-build-windows-amd64-cygwin\jdk8u231\13620\hotspot\src\share\vm\classfile\systemDictionary.cpp, line 210]
Event: 3.873 Thread 0x000000001818a000 Exception <a 'java/lang/ClassNotFoundException': Main_main___dcyahavp12nkhov0x5ysma98fCustomizer> (0x00000000f6cf0d88) thrown at [C:\re\workspace\8-2-build-windows-amd64-cygwin\jdk8u231\13620\hotspot\src\share\vm\classfile\systemDictionary.cpp, line 210]
Event: 3.888 Thread 0x000000001818a000 Exception <a 'java/lang/ClassNotFoundException': org/gradle/internal/extensibility/DefaultExtraPropertiesExtensionBeanInfo> (0x00000000f6e079b0) thrown at [C:\re\workspace\8-2-build-windows-amd64-cygwin\jdk8u231\13620\hotspot\src\share\vm\classfile\system
Event: 3.889 Thread 0x000000001818a000 Exception <a 'java/lang/ClassNotFoundException': org/gradle/internal/extensibility/DefaultExtraPropertiesExtensionCustomizer> (0x00000000f6e27900) thrown at [C:\re\workspace\8-2-build-windows-amd64-cygwin\jdk8u231\13620\hotspot\src\share\vm\classfile\syst
Event: 3.896 Thread 0x000000001818a000 Exception <a 'java/lang/ClassNotFoundException': groovy/lang/ReferenceBeanInfo> (0x00000000f6ec12b8) thrown at [C:\re\workspace\8-2-build-windows-amd64-cygwin\jdk8u231\13620\hotspot\src\share\vm\classfile\systemDictionary.cpp, line 210]
Event: 3.897 Thread 0x000000001818a000 Exception <a 'java/lang/ClassNotFoundException': groovy/lang/ReferenceCustomizer> (0x00000000f6ee2338) thrown at [C:\re\workspace\8-2-build-windows-amd64-cygwin\jdk8u231\13620\hotspot\src\share\vm\classfile\systemDictionary.cpp, line 210]
Event: 3.900 Thread 0x000000001818a000 Exception <a 'java/lang/ClassNotFoundException': groovy/lang/Closure$1BeanInfo> (0x00000000f6f39070) thrown at [C:\re\workspace\8-2-build-windows-amd64-cygwin\jdk8u231\13620\hotspot\src\share\vm\classfile\systemDictionary.cpp, line 210]
Event: 3.902 Thread 0x000000001818a000 Exception <a 'java/lang/ClassNotFoundException': groovy/lang/ClosureBeanInfo> (0x00000000f6f58960) thrown at [C:\re\workspace\8-2-build-windows-amd64-cygwin\jdk8u231\13620\hotspot\src\share\vm\classfile\systemDictionary.cpp, line 210]
Event: 3.903 Thread 0x000000001818a000 Exception <a 'java/lang/ClassNotFoundException': groovy/lang/ClosureCustomizer> (0x00000000f6f78e38) thrown at [C:\re\workspace\8-2-build-windows-amd64-cygwin\jdk8u231\13620\hotspot\src\share\vm\classfile\systemDictionary.cpp, line 210]
Event: 3.907 Thread 0x000000001818a000 Exception <a 'java/lang/ClassNotFoundException': groovy/lang/Closure$1Customizer> (0x00000000f6fbe7d0) thrown at [C:\re\workspace\8-2-build-windows-amd64-cygwin\jdk8u231\13620\hotspot\src\share\vm\classfile\systemDictionary.cpp, line 210]

Events (10 events):
Event: 3.908 loading class groovy/runtime/metaclass/Main_main___dcyahavp12nkhov0x5ysma98f$_run_closure1MetaClass
Event: 3.908 loading class groovy/runtime/metaclass/Main_main___dcyahavp12nkhov0x5ysma98f$_run_closure1MetaClass done
Event: 3.908 loading class org/codehaus/groovy/runtime/metaclass/ClosureMetaClass
Event: 3.908 loading class org/codehaus/groovy/runtime/metaclass/ClosureMetaClass done
Event: 3.916 loading class org/codehaus/groovy/runtime/metaclass/ClosureMetaClass$MethodChooser
Event: 3.916 loading class org/codehaus/groovy/runtime/metaclass/ClosureMetaClass$MethodChooser done
Event: 3.918 loading class org/codehaus/groovy/runtime/metaclass/ClosureMetaClass$StandardClosureChooser
Event: 3.918 loading class org/codehaus/groovy/runtime/metaclass/ClosureMetaClass$StandardClosureChooser done
Event: 3.919 loading class org/codehaus/groovy/runtime/ArrayUtil
Event: 3.919 loading class org/codehaus/groovy/runtime/ArrayUtil done


Dynamic libraries:
0x00007ff7d35c0000 - 0x00007ff7d35f7000 	C:\Program Files\Java\jdk1.8.0_231\bin\java.exe
0x00007ffe17600000 - 0x00007ffe177f0000 	C:\WINDOWS\SYSTEM32\ntdll.dll
0x00007ffe169a0000 - 0x00007ffe16a52000 	C:\WINDOWS\System32\KERNEL32.DLL
0x00007ffe15050000 - 0x00007ffe152f3000 	C:\WINDOWS\System32\KERNELBASE.dll
0x00007ffe161b0000 - 0x00007ffe16253000 	C:\WINDOWS\System32\ADVAPI32.dll
0x00007ffe174b0000 - 0x00007ffe1754e000 	C:\WINDOWS\System32\msvcrt.dll
0x00007ffe173d0000 - 0x00007ffe17467000 	C:\WINDOWS\System32\sechost.dll
0x00007ffe16a60000 - 0x00007ffe16b80000 	C:\WINDOWS\System32\RPCRT4.dll
0x00007ffe15870000 - 0x00007ffe15a04000 	C:\WINDOWS\System32\USER32.dll
0x00007ffe14d10000 - 0x00007ffe14d31000 	C:\WINDOWS\System32\win32u.dll
0x00007ffe16970000 - 0x00007ffe16996000 	C:\WINDOWS\System32\GDI32.dll
0x00007ffe15430000 - 0x00007ffe155c4000 	C:\WINDOWS\System32\gdi32full.dll
0x00007ffe14d40000 - 0x00007ffe14dde000 	C:\WINDOWS\System32\msvcp_win.dll
0x00007ffe14de0000 - 0x00007ffe14eda000 	C:\WINDOWS\System32\ucrtbase.dll
0x00007ffe07340000 - 0x00007ffe075c5000 	C:\WINDOWS\WinSxS\amd64_microsoft.windows.common-controls_6595b64144ccf1df_6.0.18362.720_none_e6beb5c51314836b\COMCTL32.dll
0x00007ffe15e70000 - 0x00007ffe161a6000 	C:\WINDOWS\System32\combase.dll
0x00007ffe15630000 - 0x00007ffe156b0000 	C:\WINDOWS\System32\bcryptPrimitives.dll
0x00007ffe17480000 - 0x00007ffe174ae000 	C:\WINDOWS\System32\IMM32.DLL
0x000000005b850000 - 0x000000005b922000 	C:\Program Files\Java\jdk1.8.0_231\jre\bin\msvcr100.dll
0x000000005afa0000 - 0x000000005b846000 	C:\Program Files\Java\jdk1.8.0_231\jre\bin\server\jvm.dll
0x00007ffe17470000 - 0x00007ffe17478000 	C:\WINDOWS\System32\PSAPI.DLL
0x00007ffe0ed00000 - 0x00007ffe0ed0a000 	C:\WINDOWS\SYSTEM32\VERSION.dll
0x00007ffe123b0000 - 0x00007ffe123d4000 	C:\WINDOWS\SYSTEM32\WINMM.dll
0x00007ffe0ada0000 - 0x00007ffe0ada9000 	C:\WINDOWS\SYSTEM32\WSOCK32.dll
0x00007ffe16b80000 - 0x00007ffe16bef000 	C:\WINDOWS\System32\WS2_32.dll
0x00007ffe11f30000 - 0x00007ffe11f5d000 	C:\WINDOWS\SYSTEM32\winmmbase.dll
0x00007ffe153b0000 - 0x00007ffe153fa000 	C:\WINDOWS\System32\cfgmgr32.dll
0x00007ffe10f00000 - 0x00007ffe10f0f000 	C:\Program Files\Java\jdk1.8.0_231\jre\bin\verify.dll
0x00007ffe0a7c0000 - 0x00007ffe0a7e9000 	C:\Program Files\Java\jdk1.8.0_231\jre\bin\java.dll
0x00007ffe0d2a0000 - 0x00007ffe0d2b6000 	C:\Program Files\Java\jdk1.8.0_231\jre\bin\zip.dll
0x00007ffe16bf0000 - 0x00007ffe172d5000 	C:\WINDOWS\System32\SHELL32.dll
0x00007ffe15dc0000 - 0x00007ffe15e69000 	C:\WINDOWS\System32\shcore.dll
0x00007ffe14590000 - 0x00007ffe14d10000 	C:\WINDOWS\System32\windows.storage.dll
0x00007ffe14510000 - 0x00007ffe14533000 	C:\WINDOWS\System32\profapi.dll
0x00007ffe14540000 - 0x00007ffe1458a000 	C:\WINDOWS\System32\powrprof.dll
0x00007ffe144c0000 - 0x00007ffe144d0000 	C:\WINDOWS\System32\UMPDC.dll
0x00007ffe16420000 - 0x00007ffe16472000 	C:\WINDOWS\System32\shlwapi.dll
0x00007ffe144d0000 - 0x00007ffe144e1000 	C:\WINDOWS\System32\kernel.appcore.dll
0x00007ffe14ee0000 - 0x00007ffe14ef7000 	C:\WINDOWS\System32\cryptsp.dll
0x00007ffe0bfa0000 - 0x00007ffe0bfba000 	C:\Program Files\Java\jdk1.8.0_231\jre\bin\net.dll
0x00007ffe13d30000 - 0x00007ffe13d97000 	C:\WINDOWS\system32\mswsock.dll
0x00007ffe0b810000 - 0x00007ffe0b822000 	C:\Program Files\Java\jdk1.8.0_231\jre\bin\nio.dll
0x00007ffe0d170000 - 0x00007ffe0d19a000 	C:\Users\｣ukasz\.gradle\native\36\windows-amd64\native-platform.dll
0x00007ffe0d310000 - 0x00007ffe0d31d000 	C:\Program Files\Java\jdk1.8.0_231\jre\bin\management.dll
0x00007ffe138a0000 - 0x00007ffe138d3000 	C:\WINDOWS\system32\rsaenh.dll
0x00007ffe15400000 - 0x00007ffe15426000 	C:\WINDOWS\System32\bcrypt.dll
0x00007ffe143e0000 - 0x00007ffe14405000 	C:\WINDOWS\SYSTEM32\USERENV.dll
0x00007ffe13f00000 - 0x00007ffe13f0c000 	C:\WINDOWS\SYSTEM32\CRYPTBASE.dll
0x00007ffe13a40000 - 0x00007ffe13a7a000 	C:\WINDOWS\SYSTEM32\IPHLPAPI.DLL
0x00007ffe15ac0000 - 0x00007ffe15ac8000 	C:\WINDOWS\System32\NSI.dll
0x00007ffe0d270000 - 0x00007ffe0d286000 	C:\WINDOWS\SYSTEM32\dhcpcsvc6.DLL
0x00007ffe0cf30000 - 0x00007ffe0cf4c000 	C:\WINDOWS\SYSTEM32\dhcpcsvc.DLL
0x00007ffe13a80000 - 0x00007ffe13b4a000 	C:\WINDOWS\SYSTEM32\DNSAPI.dll

VM Arguments:
jvm_args: -XX:MaxMetaspaceSize=256m -XX:+HeapDumpOnOutOfMemoryError -Xms256m -Xmx512m -Dfile.encoding=windows-1250 -Duser.country=PL -Duser.language=pl -Duser.variant 
java_command: org.gradle.launcher.daemon.bootstrap.GradleDaemon 6.2.2
java_class_path (initial): C:\Users\｣ukasz\.gradle\wrapper\dists\gradle-6.2.2-all\2k4hz1yffuhb6ob9prdg10tx\gradle-6.2.2\lib\gradle-launcher-6.2.2.jar
Launcher Type: SUN_STANDARD

Environment Variables:
JAVA_HOME=C:\Program Files\Java\jdk1.8.0_231
PATH=C:\Program Files (x86)\Common Files\Oracle\Java\javapath;C:\Program Files\Java\jdk1.8.0_231\bin;C:\Program Files (x86)\Razer Chroma SDK\bin;C:\Program Files\Razer Chroma SDK\bin;C:\Program Files (x86)\Intel\iCLS Client\;C:\Program Files\Intel\iCLS Client\;C:\Windows\system32;C:\Windows;C:\Windows\System32\Wbem;C:\Windows\System32\WindowsPowerShell\v1.0\;C:\Program Files\Intel\Intel(R) Management Engine Components\DAL;C:\Program Files\Intel\Intel(R) Management Engine Components\IPT;C:\Program Files (x86)\Intel\Intel(R) Management Engine Components\DAL;C:\Program Files (x86)\Intel\Intel(R) Management Engine Components\IPT;C:\Program Files (x86)\NVIDIA Corporation\PhysX\Common;C:\WINDOWS\system32;C:\WINDOWS;C:\WINDOWS\System32\Wbem;C:\WINDOWS\System32\WindowsPowerShell\v1.0\;C:\Program Files (x86)\Skype\Phone\;C:\WINDOWS\System32\OpenSSH\;C:\Program Files\NVIDIA Corporation\NVIDIA NvDLISR;C:\WINDOWS\system32;C:\WINDOWS;C:\WINDOWS\System32\Wbem;C:\WINDOWS\System32\WindowsPowerShell\v1.0\;C:\WINDOWS\System32\OpenSSH\;C:\Program Files\Git\cmd;C:\Program Files\Git\mingw64\bin;C:\Program Files\Git\usr\bin;C:\gradle-6.0\bin;C:\Program Files\MySQL\MySQL Shell 8.0\bin\;C:\Users\｣ukasz\AppData\Local\Microsoft\WindowsApps;
USERNAME=｣ukasz
OS=Windows_NT
PROCESSOR_IDENTIFIER=Intel64 Family 6 Model 60 Stepping 3, GenuineIntel



---------------  S Y S T E M  ---------------

OS: Windows 10.0 , 64 bit Build 18362 (10.0.18362.329)

CPU:total 4 (initial active 4) (4 cores per cpu, 1 threads per core) family 6 model 60 stepping 3, cmov, cx8, fxsr, mmx, sse, sse2, sse3, ssse3, sse4.1, sse4.2, popcnt, avx, avx2, aes, clmul, erms, lzcnt, tsc, tscinvbit, bmi1, bmi2

Memory: 4k page, physical 8325604k(1321048k free), swap 23845504k(3344k free)

vm_info: Java HotSpot(TM) 64-Bit Server VM (25.231-b11) for windows-amd64 JRE (1.8.0_231-b11), built on Oct  5 2019 03:11:30 by "java_re" with MS VC++ 10.0 (VS2010)

time: Tue Mar 31 13:55:51 2020
timezone: 罫odkowoeuropejski czas letni
elapsed time: 3 seconds (0d 0h 0m 3s)

