#
# There is insufficient memory for the Java Runtime Environment to continue.
# Native memory allocation (malloc) failed to allocate 32744 bytes for ChunkPool::allocate
# Possible reasons:
#   The system is out of physical RAM or swap space
#   The process is running with CompressedOops enabled, and the Java Heap may be blocking the growth of the native heap
# Possible solutions:
#   Reduce memory load on the system
#   Increase physical memory or swap space
#   Check if swap backing store is full
#   Decrease Java heap size (-Xmx/-Xms)
#   Decrease number of Java threads
#   Decrease Java thread stack sizes (-Xss)
#   Set larger code cache with -XX:ReservedCodeCacheSize=
#   JVM is running with Unscaled Compressed Oops mode in which the Java heap is
#     placed in the first 4GB address space. The Java Heap base address is the
#     maximum limit for the native heap growth. Please use -XX:HeapBaseMinAddress
#     to set the Java Heap base and to place the Java Heap above 4GB virtual address.
# This output file may be truncated or incomplete.
#
#  Out of Memory Error (allocation.cpp:272), pid=95700, tid=0x00000000000173e0
#
# JRE version: Java(TM) SE Runtime Environment (8.0_231-b11) (build 1.8.0_231-b11)
# Java VM: Java HotSpot(TM) 64-Bit Server VM (25.231-b11 mixed mode windows-amd64 compressed oops)
# Failed to write core dump. Minidumps are not enabled by default on client versions of Windows
#

---------------  T H R E A D  ---------------

Current thread (0x0000000013d68800):  JavaThread "C2 CompilerThread0" daemon [_thread_in_native, id=95200, stack(0x00000000153d0000,0x00000000154d0000)]

Stack: [0x00000000153d0000,0x00000000154d0000]
[error occurred during error reporting (printing stack bounds), id 0xc0000005]

Native frames: (J=compiled Java code, j=interpreted, Vv=VM code, C=native code)


Current CompileTask:
C2:   2378 1498   !   4       java.net.URLClassLoader$1::run (63 bytes)


---------------  P R O C E S S  ---------------

Java Threads: ( => current thread )
  0x0000000015888800 JavaThread "Cache worker for file hash cache (C:\Users\Åukasz\.gradle\caches\6.2.2\fileHashes)" [_thread_blocked, id=90692, stack(0x0000000019b10000,0x0000000019c10000)]
  0x0000000015881800 JavaThread "File lock request listener" [_thread_in_native, id=96852, stack(0x0000000019a10000,0x0000000019b10000)]
  0x0000000015884800 JavaThread "Cache worker for journal cache (C:\Users\Åukasz\.gradle\caches\journal-1)" [_thread_blocked, id=99408, stack(0x0000000019910000,0x0000000019a10000)]
  0x000000001778e800 JavaThread "Thread-9" [_thread_blocked, id=98488, stack(0x0000000019610000,0x0000000019710000)]
  0x00000000177c4000 JavaThread "Stdin handler" [_thread_blocked, id=95864, stack(0x0000000019510000,0x0000000019610000)]
  0x00000000177b9000 JavaThread "Asynchronous log dispatcher for DefaultDaemonConnection: socket connection from /127.0.0.1:53135 to /127.0.0.1:53136" [_thread_blocked, id=99108, stack(0x0000000019410000,0x0000000019510000)]
  0x00000000177ac000 JavaThread "Daemon worker" [_thread_in_vm, id=81628, stack(0x0000000019310000,0x0000000019410000)]
  0x00000000177ae000 JavaThread "Cancel handler" [_thread_blocked, id=99528, stack(0x0000000019210000,0x0000000019310000)]
  0x000000001749d000 JavaThread "Handler for socket connection from /127.0.0.1:53135 to /127.0.0.1:53136" [_thread_in_native, id=100300, stack(0x0000000018f10000,0x0000000019010000)]
  0x000000001749a000 JavaThread "Daemon" [_thread_blocked, id=90628, stack(0x0000000018e10000,0x0000000018f10000)]
  0x0000000017720800 JavaThread "Daemon periodic checks" [_thread_blocked, id=96660, stack(0x0000000018d10000,0x0000000018e10000)]
  0x000000001771f000 JavaThread "Incoming local TCP Connector on port 53135" [_thread_in_native, id=83228, stack(0x0000000018ab0000,0x0000000018bb0000)]
  0x00000000176a1000 JavaThread "Daemon health stats" [_thread_blocked, id=89480, stack(0x0000000018470000,0x0000000018570000)]
  0x0000000015700800 JavaThread "Service Thread" daemon [_thread_blocked, id=96540, stack(0x0000000015ad0000,0x0000000015bd0000)]
  0x0000000013d70800 JavaThread "C1 CompilerThread2" daemon [_thread_blocked, id=99688, stack(0x00000000155d0000,0x00000000156d0000)]
  0x0000000013d6c800 JavaThread "C2 CompilerThread1" daemon [_thread_in_native, id=99464, stack(0x00000000154d0000,0x00000000155d0000)]
=>0x0000000013d68800 JavaThread "C2 CompilerThread0" daemon [_thread_in_native, id=95200, stack(0x00000000153d0000,0x00000000154d0000)]
  0x0000000013d66800 JavaThread "Attach Listener" daemon [_thread_blocked, id=100024, stack(0x00000000152d0000,0x00000000153d0000)]
  0x0000000013d65800 JavaThread "Signal Dispatcher" daemon [_thread_blocked, id=97612, stack(0x00000000151d0000,0x00000000152d0000)]
  0x000000000293c800 JavaThread "Finalizer" daemon [_thread_blocked, id=91796, stack(0x0000000014fc0000,0x00000000150c0000)]
  0x0000000002933800 JavaThread "Reference Handler" daemon [_thread_blocked, id=91400, stack(0x0000000014ec0000,0x0000000014fc0000)]
  0x0000000002842800 JavaThread "main" [_thread_blocked, id=99960, stack(0x0000000002740000,0x0000000002840000)]

Other Threads:
  0x0000000013d27800 VMThread [stack: 0x0000000014dc0000,0x0000000014ec0000] [id=99652]
  0x0000000015732000 WatcherThread [stack: 0x0000000015bd0000,0x0000000015cd0000] [id=100148]

VM state:not at safepoint (normal execution)

VM Mutex/Monitor currently owned by a thread: None

heap address: 0x00000000e0000000, size: 512 MB, Compressed Oops mode: 32-bit
Narrow klass base: 0x0000000000000000, Narrow klass shift: 3
Compressed class space size: 1073741824 Address: 0x0000000100000000

Heap:
 PSYoungGen      total 76288K, used 44777K [0x00000000f5580000, 0x00000000faa80000, 0x0000000100000000)
  eden space 65536K, 54% used [0x00000000f5580000,0x00000000f7843438,0x00000000f9580000)
  from space 10752K, 85% used [0x00000000fa000000,0x00000000fa8f6fc8,0x00000000faa80000)
  to   space 10752K, 0% used [0x00000000f9580000,0x00000000f9580000,0x00000000fa000000)
 ParOldGen       total 175104K, used 39K [0x00000000e0000000, 0x00000000eab00000, 0x00000000f5580000)
  object space 175104K, 0% used [0x00000000e0000000,0x00000000e0009c40,0x00000000eab00000)
 Metaspace       used 17656K, capacity 18166K, committed 18432K, reserved 1064960K
  class space    used 2487K, capacity 2689K, committed 2816K, reserved 1048576K

Card table byte_map: [0x0000000011d00000,0x0000000011e10000] byte_map_base: 0x0000000011600000

Marking Bits: (ParMarkBitMap*) 0x000000005b7c6d90
 Begin Bits: [0x00000000122c0000, 0x0000000012ac0000)
 End Bits:   [0x0000000012ac0000, 0x00000000132c0000)

Polling page: 0x0000000000e60000

CodeCache: size=245760Kb used=5566Kb max_used=5566Kb free=240193Kb
 bounds [0x0000000002940000, 0x0000000002ec0000, 0x0000000011940000]
 total_blobs=1994 nmethods=1592 adapters=314
 compilation: enabled

Compilation events (10 events):
Event: 2.367 Thread 0x0000000013d70800 1595       3       java.util.ArrayList::toArray (60 bytes)
Event: 2.367 Thread 0x0000000013d70800 nmethod 1595 0x0000000002ead590 code [0x0000000002ead720, 0x0000000002eadcd8]
Event: 2.367 Thread 0x0000000013d70800 1596       3       sun.misc.ProxyGenerator::access$900 (5 bytes)
Event: 2.367 Thread 0x0000000013d70800 nmethod 1596 0x0000000002eade10 code [0x0000000002eadf80, 0x0000000002eae1e8]
Event: 2.367 Thread 0x0000000013d70800 1597       3       sun.reflect.generics.parser.SignatureParser::parseClassTypeSignature (118 bytes)
Event: 2.369 Thread 0x0000000013d70800 nmethod 1597 0x0000000002eae2d0 code [0x0000000002eae680, 0x0000000002eb0148]
Event: 2.369 Thread 0x0000000013d70800 1598       3       sun.misc.ProxyGenerator::code_aload (11 bytes)
Event: 2.369 Thread 0x0000000013d70800 nmethod 1598 0x0000000002eb1150 code [0x0000000002eb12c0, 0x0000000002eb1468]
Event: 2.375 Thread 0x0000000013d70800 1599       3       java.util.concurrent.locks.AbstractQueuedSynchronizer::compareAndSetState (13 bytes)
Event: 2.376 Thread 0x0000000013d70800 nmethod 1599 0x0000000002eb1510 code [0x0000000002eb1660, 0x0000000002eb17d0]

GC Heap History (4 events):
Event: 0.968 GC heap before
{Heap before GC invocations=1 (full 0):
 PSYoungGen      total 76288K, used 65536K [0x00000000f5580000, 0x00000000faa80000, 0x0000000100000000)
  eden space 65536K, 100% used [0x00000000f5580000,0x00000000f9580000,0x00000000f9580000)
  from space 10752K, 0% used [0x00000000fa000000,0x00000000fa000000,0x00000000faa80000)
  to   space 10752K, 0% used [0x00000000f9580000,0x00000000f9580000,0x00000000fa000000)
 ParOldGen       total 175104K, used 0K [0x00000000e0000000, 0x00000000eab00000, 0x00000000f5580000)
  object space 175104K, 0% used [0x00000000e0000000,0x00000000e0000000,0x00000000eab00000)
 Metaspace       used 7718K, capacity 7968K, committed 8064K, reserved 1056768K
  class space    used 979K, capacity 1079K, committed 1152K, reserved 1048576K
Event: 0.976 GC heap after
Heap after GC invocations=1 (full 0):
 PSYoungGen      total 76288K, used 5852K [0x00000000f5580000, 0x00000000faa80000, 0x0000000100000000)
  eden space 65536K, 0% used [0x00000000f5580000,0x00000000f5580000,0x00000000f9580000)
  from space 10752K, 54% used [0x00000000f9580000,0x00000000f9b37198,0x00000000fa000000)
  to   space 10752K, 0% used [0x00000000fa000000,0x00000000fa000000,0x00000000faa80000)
 ParOldGen       total 175104K, used 31K [0x00000000e0000000, 0x00000000eab00000, 0x00000000f5580000)
  object space 175104K, 0% used [0x00000000e0000000,0x00000000e0007c40,0x00000000eab00000)
 Metaspace       used 7718K, capacity 7968K, committed 8064K, reserved 1056768K
  class space    used 979K, capacity 1079K, committed 1152K, reserved 1048576K
}
Event: 2.063 GC heap before
{Heap before GC invocations=2 (full 0):
 PSYoungGen      total 76288K, used 71388K [0x00000000f5580000, 0x00000000faa80000, 0x0000000100000000)
  eden space 65536K, 100% used [0x00000000f5580000,0x00000000f9580000,0x00000000f9580000)
  from space 10752K, 54% used [0x00000000f9580000,0x00000000f9b37198,0x00000000fa000000)
  to   space 10752K, 0% used [0x00000000fa000000,0x00000000fa000000,0x00000000faa80000)
 ParOldGen       total 175104K, used 31K [0x00000000e0000000, 0x00000000eab00000, 0x00000000f5580000)
  object space 175104K, 0% used [0x00000000e0000000,0x00000000e0007c40,0x00000000eab00000)
 Metaspace       used 14964K, capacity 15354K, committed 15488K, reserved 1062912K
  class space    used 2025K, capacity 2155K, committed 2176K, reserved 1048576K
Event: 2.071 GC heap after
Heap after GC invocations=2 (full 0):
 PSYoungGen      total 76288K, used 9179K [0x00000000f5580000, 0x00000000faa80000, 0x0000000100000000)
  eden space 65536K, 0% used [0x00000000f5580000,0x00000000f5580000,0x00000000f9580000)
  from space 10752K, 85% used [0x00000000fa000000,0x00000000fa8f6fc8,0x00000000faa80000)
  to   space 10752K, 0% used [0x00000000f9580000,0x00000000f9580000,0x00000000fa000000)
 ParOldGen       total 175104K, used 39K [0x00000000e0000000, 0x00000000eab00000, 0x00000000f5580000)
  object space 175104K, 0% used [0x00000000e0000000,0x00000000e0009c40,0x00000000eab00000)
 Metaspace       used 14964K, capacity 15354K, committed 15488K, reserved 1062912K
  class space    used 2025K, capacity 2155K, committed 2176K, reserved 1048576K
}

Deoptimization events (10 events):
Event: 1.758 Thread 0x000000001749d000 Uncommon trap: reason=unstable_if action=reinterpret pc=0x0000000002d577a8 method=java.util.concurrent.ConcurrentHashMap.putVal(Ljava/lang/Object;Ljava/lang/Object;Z)Ljava/lang/Object; @ 206
Event: 1.804 Thread 0x00000000177ac000 Uncommon trap: reason=bimorphic action=maybe_recompile pc=0x0000000002c08084 method=java.util.HashMap.putVal(ILjava/lang/Object;Ljava/lang/Object;ZZ)Ljava/lang/Object; @ 253
Event: 1.804 Thread 0x00000000177ac000 Uncommon trap: reason=bimorphic action=maybe_recompile pc=0x0000000002c08084 method=java.util.HashMap.putVal(ILjava/lang/Object;Ljava/lang/Object;ZZ)Ljava/lang/Object; @ 253
Event: 1.804 Thread 0x00000000177ac000 Uncommon trap: reason=bimorphic action=maybe_recompile pc=0x0000000002c08084 method=java.util.HashMap.putVal(ILjava/lang/Object;Ljava/lang/Object;ZZ)Ljava/lang/Object; @ 253
Event: 1.990 Thread 0x00000000177ac000 Uncommon trap: reason=class_check action=maybe_recompile pc=0x0000000002c7cfd8 method=java.util.regex.Matcher.match(II)Z @ 86
Event: 2.002 Thread 0x00000000177ac000 Uncommon trap: reason=class_check action=maybe_recompile pc=0x0000000002c7cfd8 method=java.util.regex.Matcher.match(II)Z @ 86
Event: 2.002 Thread 0x00000000177ac000 Uncommon trap: reason=class_check action=maybe_recompile pc=0x0000000002c7cfd8 method=java.util.regex.Matcher.match(II)Z @ 86
Event: 2.002 Thread 0x00000000177ac000 Uncommon trap: reason=class_check action=maybe_recompile pc=0x0000000002c4338c method=java.util.regex.Matcher.match(II)Z @ 86
Event: 2.221 Thread 0x00000000177ac000 Uncommon trap: reason=unstable_if action=reinterpret pc=0x0000000002c76754 method=java.io.File.getName()Ljava/lang/String; @ 16
Event: 2.221 Thread 0x00000000177ac000 Uncommon trap: reason=unstable_if action=reinterpret pc=0x0000000002c73bcc method=java.lang.String.substring(I)Ljava/lang/String; @ 35

Classes redefined (0 events):
No events

Internal exceptions (10 events):
Event: 1.759 Thread 0x000000001749d000 Exception <a 'java/lang/NoSuchMethodError': <clinit>> (0x00000000f7468298) thrown at [C:\re\workspace\8-2-build-windows-amd64-cygwin\jdk8u231\13620\hotspot\src\share\vm\prims\jni.cpp, line 1614]
Event: 1.760 Thread 0x000000001749d000 Exception <a 'java/lang/NoSuchMethodError': <clinit>> (0x00000000f7471ec8) thrown at [C:\re\workspace\8-2-build-windows-amd64-cygwin\jdk8u231\13620\hotspot\src\share\vm\prims\jni.cpp, line 1614]
Event: 1.761 Thread 0x000000001749d000 Exception <a 'java/lang/NoSuchMethodError': <clinit>> (0x00000000f7486d60) thrown at [C:\re\workspace\8-2-build-windows-amd64-cygwin\jdk8u231\13620\hotspot\src\share\vm\prims\jni.cpp, line 1614]
Event: 1.767 Thread 0x000000001749d000 Exception <a 'java/lang/NoSuchMethodError': <clinit>> (0x00000000f74eb270) thrown at [C:\re\workspace\8-2-build-windows-amd64-cygwin\jdk8u231\13620\hotspot\src\share\vm\prims\jni.cpp, line 1614]
Event: 1.776 Thread 0x000000001749d000 Exception <a 'java/lang/NoSuchMethodError': <clinit>> (0x00000000f7523e80) thrown at [C:\re\workspace\8-2-build-windows-amd64-cygwin\jdk8u231\13620\hotspot\src\share\vm\prims\jni.cpp, line 1614]
Event: 1.779 Thread 0x000000001749d000 Exception <a 'java/lang/NoSuchMethodError': <clinit>> (0x00000000f755a028) thrown at [C:\re\workspace\8-2-build-windows-amd64-cygwin\jdk8u231\13620\hotspot\src\share\vm\prims\jni.cpp, line 1614]
Event: 1.780 Thread 0x000000001749d000 Exception <a 'java/lang/NoSuchMethodError': <clinit>> (0x00000000f75664e8) thrown at [C:\re\workspace\8-2-build-windows-amd64-cygwin\jdk8u231\13620\hotspot\src\share\vm\prims\jni.cpp, line 1614]
Event: 2.258 Thread 0x00000000177ac000 Exception <a 'java/lang/NoSuchMethodError': java.lang.Object.lambda$and$0(Ljava/util/function/Predicate;Ljava/lang/Object;)Z> (0x00000000f6de3070) thrown at [C:\re\workspace\8-2-build-windows-amd64-cygwin\jdk8u231\13620\hotspot\src\share\vm\interpreter\li
Event: 2.262 Thread 0x00000000177ac000 Exception <a 'java/lang/IncompatibleClassChangeError': Found class java.lang.Object, but interface was expected> (0x00000000f6df3860) thrown at [C:\re\workspace\8-2-build-windows-amd64-cygwin\jdk8u231\13620\hotspot\src\share\vm\interpreter\linkResolver.cp
Event: 2.264 Thread 0x00000000177ac000 Exception <a 'java/lang/NoSuchMethodError': java.lang.Object.lambda$or$2(Ljava/util/function/Predicate;Ljava/lang/Object;)Z> (0x00000000f6df8780) thrown at [C:\re\workspace\8-2-build-windows-amd64-cygwin\jdk8u231\13620\hotspot\src\share\vm\interpreter\lin

Events (10 events):
Event: 2.367 loading class java/lang/annotation/ElementType
Event: 2.367 loading class java/lang/annotation/ElementType done
Event: 2.368 loading class org/gradle/internal/extensibility/NoConventionMapping
Event: 2.368 loading class org/gradle/internal/extensibility/NoConventionMapping done
Event: 2.369 loading class org/gradle/api/internal/DynamicObjectAware
Event: 2.369 loading class org/gradle/api/internal/DynamicObjectAware done
Event: 2.370 loading class groovy/lang/Closure
Event: 2.370 loading class groovy/lang/Closure done
Event: 2.377 loading class groovy/lang/GroovyCallable
Event: 2.377 loading class groovy/lang/GroovyCallable done


Dynamic libraries:
0x00007ff7d35c0000 - 0x00007ff7d35f7000 	C:\Program Files\Java\jdk1.8.0_231\bin\java.exe
0x00007ffe17600000 - 0x00007ffe177f0000 	C:\WINDOWS\SYSTEM32\ntdll.dll
0x00007ffe169a0000 - 0x00007ffe16a52000 	C:\WINDOWS\System32\KERNEL32.DLL
0x00007ffe15050000 - 0x00007ffe152f3000 	C:\WINDOWS\System32\KERNELBASE.dll
0x00007ffe161b0000 - 0x00007ffe16253000 	C:\WINDOWS\System32\ADVAPI32.dll
0x00007ffe174b0000 - 0x00007ffe1754e000 	C:\WINDOWS\System32\msvcrt.dll
0x00007ffe173d0000 - 0x00007ffe17467000 	C:\WINDOWS\System32\sechost.dll
0x00007ffe16a60000 - 0x00007ffe16b80000 	C:\WINDOWS\System32\RPCRT4.dll
0x00007ffe15870000 - 0x00007ffe15a04000 	C:\WINDOWS\System32\USER32.dll
0x00007ffe14d10000 - 0x00007ffe14d31000 	C:\WINDOWS\System32\win32u.dll
0x00007ffe16970000 - 0x00007ffe16996000 	C:\WINDOWS\System32\GDI32.dll
0x00007ffe15430000 - 0x00007ffe155c4000 	C:\WINDOWS\System32\gdi32full.dll
0x00007ffe14d40000 - 0x00007ffe14dde000 	C:\WINDOWS\System32\msvcp_win.dll
0x00007ffe14de0000 - 0x00007ffe14eda000 	C:\WINDOWS\System32\ucrtbase.dll
0x00007ffe07340000 - 0x00007ffe075c5000 	C:\WINDOWS\WinSxS\amd64_microsoft.windows.common-controls_6595b64144ccf1df_6.0.18362.720_none_e6beb5c51314836b\COMCTL32.dll
0x00007ffe15e70000 - 0x00007ffe161a6000 	C:\WINDOWS\System32\combase.dll
0x00007ffe15630000 - 0x00007ffe156b0000 	C:\WINDOWS\System32\bcryptPrimitives.dll
0x00007ffe17480000 - 0x00007ffe174ae000 	C:\WINDOWS\System32\IMM32.DLL
0x000000005b850000 - 0x000000005b922000 	C:\Program Files\Java\jdk1.8.0_231\jre\bin\msvcr100.dll
0x000000005afa0000 - 0x000000005b846000 	C:\Program Files\Java\jdk1.8.0_231\jre\bin\server\jvm.dll
0x00007ffe17470000 - 0x00007ffe17478000 	C:\WINDOWS\System32\PSAPI.DLL
0x00007ffe123b0000 - 0x00007ffe123d4000 	C:\WINDOWS\SYSTEM32\WINMM.dll
0x00007ffe0ed00000 - 0x00007ffe0ed0a000 	C:\WINDOWS\SYSTEM32\VERSION.dll
0x00007ffe0ada0000 - 0x00007ffe0ada9000 	C:\WINDOWS\SYSTEM32\WSOCK32.dll
0x00007ffe16b80000 - 0x00007ffe16bef000 	C:\WINDOWS\System32\WS2_32.dll
0x00007ffe11f30000 - 0x00007ffe11f5d000 	C:\WINDOWS\SYSTEM32\WINMMBASE.dll
0x00007ffe153b0000 - 0x00007ffe153fa000 	C:\WINDOWS\System32\cfgmgr32.dll
0x00007ffe10f00000 - 0x00007ffe10f0f000 	C:\Program Files\Java\jdk1.8.0_231\jre\bin\verify.dll
0x00007ffe0a7c0000 - 0x00007ffe0a7e9000 	C:\Program Files\Java\jdk1.8.0_231\jre\bin\java.dll
0x00007ffe0d2a0000 - 0x00007ffe0d2b6000 	C:\Program Files\Java\jdk1.8.0_231\jre\bin\zip.dll
0x00007ffe16bf0000 - 0x00007ffe172d5000 	C:\WINDOWS\System32\SHELL32.dll
0x00007ffe15dc0000 - 0x00007ffe15e69000 	C:\WINDOWS\System32\shcore.dll
0x00007ffe14590000 - 0x00007ffe14d10000 	C:\WINDOWS\System32\windows.storage.dll
0x00007ffe14510000 - 0x00007ffe14533000 	C:\WINDOWS\System32\profapi.dll
0x00007ffe14540000 - 0x00007ffe1458a000 	C:\WINDOWS\System32\powrprof.dll
0x00007ffe144c0000 - 0x00007ffe144d0000 	C:\WINDOWS\System32\UMPDC.dll
0x00007ffe16420000 - 0x00007ffe16472000 	C:\WINDOWS\System32\shlwapi.dll
0x00007ffe144d0000 - 0x00007ffe144e1000 	C:\WINDOWS\System32\kernel.appcore.dll
0x00007ffe14ee0000 - 0x00007ffe14ef7000 	C:\WINDOWS\System32\cryptsp.dll
0x00007ffe0bfa0000 - 0x00007ffe0bfba000 	C:\Program Files\Java\jdk1.8.0_231\jre\bin\net.dll
0x00007ffe13d30000 - 0x00007ffe13d97000 	C:\WINDOWS\system32\mswsock.dll
0x00007ffe0b810000 - 0x00007ffe0b822000 	C:\Program Files\Java\jdk1.8.0_231\jre\bin\nio.dll
0x00007ffe0d170000 - 0x00007ffe0d19a000 	C:\Users\£ukasz\.gradle\native\36\windows-amd64\native-platform.dll
0x00007ffe0d310000 - 0x00007ffe0d31d000 	C:\Program Files\Java\jdk1.8.0_231\jre\bin\management.dll
0x00007ffe138a0000 - 0x00007ffe138d3000 	C:\WINDOWS\system32\rsaenh.dll
0x00007ffe15400000 - 0x00007ffe15426000 	C:\WINDOWS\System32\bcrypt.dll
0x00007ffe143e0000 - 0x00007ffe14405000 	C:\WINDOWS\SYSTEM32\USERENV.dll
0x00007ffe13f00000 - 0x00007ffe13f0c000 	C:\WINDOWS\SYSTEM32\CRYPTBASE.dll
0x00007ffe13a40000 - 0x00007ffe13a7a000 	C:\WINDOWS\SYSTEM32\IPHLPAPI.DLL
0x00007ffe15ac0000 - 0x00007ffe15ac8000 	C:\WINDOWS\System32\NSI.dll
0x00007ffe0d270000 - 0x00007ffe0d286000 	C:\WINDOWS\SYSTEM32\dhcpcsvc6.DLL
0x00007ffe0cf30000 - 0x00007ffe0cf4c000 	C:\WINDOWS\SYSTEM32\dhcpcsvc.DLL
0x00007ffe13a80000 - 0x00007ffe13b4a000 	C:\WINDOWS\SYSTEM32\DNSAPI.dll

VM Arguments:
jvm_args: -XX:MaxMetaspaceSize=256m -XX:+HeapDumpOnOutOfMemoryError -Xms256m -Xmx512m -Dfile.encoding=windows-1250 -Duser.country=PL -Duser.language=pl -Duser.variant 
java_command: org.gradle.launcher.daemon.bootstrap.GradleDaemon 6.2.2
java_class_path (initial): C:\Users\£ukasz\.gradle\wrapper\dists\gradle-6.2.2-all\2k4hz1yffuhb6ob9prdg10tx\gradle-6.2.2\lib\gradle-launcher-6.2.2.jar
Launcher Type: SUN_STANDARD

Environment Variables:
JAVA_HOME=C:\Program Files\Java\jdk1.8.0_231
PATH=C:\Program Files (x86)\Common Files\Oracle\Java\javapath;C:\Program Files\Java\jdk1.8.0_231\bin;C:\Program Files (x86)\Razer Chroma SDK\bin;C:\Program Files\Razer Chroma SDK\bin;C:\Program Files (x86)\Intel\iCLS Client\;C:\Program Files\Intel\iCLS Client\;C:\Windows\system32;C:\Windows;C:\Windows\System32\Wbem;C:\Windows\System32\WindowsPowerShell\v1.0\;C:\Program Files\Intel\Intel(R) Management Engine Components\DAL;C:\Program Files\Intel\Intel(R) Management Engine Components\IPT;C:\Program Files (x86)\Intel\Intel(R) Management Engine Components\DAL;C:\Program Files (x86)\Intel\Intel(R) Management Engine Components\IPT;C:\Program Files (x86)\NVIDIA Corporation\PhysX\Common;C:\WINDOWS\system32;C:\WINDOWS;C:\WINDOWS\System32\Wbem;C:\WINDOWS\System32\WindowsPowerShell\v1.0\;C:\Program Files (x86)\Skype\Phone\;C:\WINDOWS\System32\OpenSSH\;C:\Program Files\NVIDIA Corporation\NVIDIA NvDLISR;C:\WINDOWS\system32;C:\WINDOWS;C:\WINDOWS\System32\Wbem;C:\WINDOWS\System32\WindowsPowerShell\v1.0\;C:\WINDOWS\System32\OpenSSH\;C:\Program Files\Git\cmd;C:\Program Files\Git\mingw64\bin;C:\Program Files\Git\usr\bin;C:\gradle-6.0\bin;C:\Program Files\MySQL\MySQL Shell 8.0\bin\;C:\Users\£ukasz\AppData\Local\Microsoft\WindowsApps;
USERNAME=£ukasz
OS=Windows_NT
PROCESSOR_IDENTIFIER=Intel64 Family 6 Model 60 Stepping 3, GenuineIntel



---------------  S Y S T E M  ---------------

OS: Windows 10.0 , 64 bit Build 18362 (10.0.18362.329)

CPU:total 4 (initial active 4) (4 cores per cpu, 1 threads per core) family 6 model 60 stepping 3, cmov, cx8, fxsr, mmx, sse, sse2, sse3, ssse3, sse4.1, sse4.2, popcnt, avx, avx2, aes, clmul, erms, lzcnt, tsc, tscinvbit, bmi1, bmi2

Memory: 4k page, physical 8325604k(1323460k free), swap 23845504k(3120k free)

vm_info: Java HotSpot(TM) 64-Bit Server VM (25.231-b11) for windows-amd64 JRE (1.8.0_231-b11), built on Oct  5 2019 03:11:30 by "java_re" with MS VC++ 10.0 (VS2010)

time: Tue Mar 31 13:53:00 2020
timezone: Œrodkowoeuropejski czas letni
elapsed time: 2 seconds (0d 0h 0m 2s)

